<?xml version="1.0" encoding="UTF-8"?>
<!-- Generated by org.testng.reporters.JUnitXMLReporter -->
<testsuite ignored="7" hostname="LAPTOP-SLBKNCFF" failures="0" tests="1" name="Default test" time="4.437" errors="0" timestamp="2023-12-01T14:44:10 CST">
  <testcase classname="com.nov30.test.github.AllgithubTests" name="UpdateTheRepositoryName" time="4.343"/>
  <testcase classname="com.nov30.test.github.AllgithubTests" name="getSingleRepoWithNonExistingRepoName" time="0.0">
    <ignored/>
  </testcase> <!-- getSingleRepoWithNonExistingRepoName -->
  <testcase classname="com.nov30.test.github.AllgithubTests" name="deleteTheRepo" time="0.0">
    <ignored/>
  </testcase> <!-- deleteTheRepo -->
  <testcase classname="com.nov30.test.github.AllgithubTests" name="getAllRecords" time="0.0">
    <ignored/>
  </testcase> <!-- getAllRecords -->
  <testcase classname="com.nov30.test.github.AllgithubTests" name="createTheRepo" time="0.0">
    <ignored/>
  </testcase> <!-- createTheRepo -->
  <testcase classname="com.nov30.test.github.AllgithubTests" name="createTheRepoWithExistingName" time="0.0">
    <ignored/>
  </testcase> <!-- createTheRepoWithExistingName -->
  <testcase classname="com.nov30.test.github.AllgithubTests" name="getSingleRepo" time="0.0">
    <ignored/>
  </testcase> <!-- getSingleRepo -->
  <testcase classname="com.nov30.test.github.AllgithubTests" name="deleteTheRepoWithNonExistingName" time="0.0">
    <ignored/>
  </testcase> <!-- deleteTheRepoWithNonExistingName -->
</testsuite> <!-- Default test -->
