<?xml version="1.0" encoding="UTF-8"?>
<testng-results ignored="7" total="8" passed="1" failed="0" skipped="0">
  <reporter-output>
  </reporter-output>
  <suite started-at="2023-12-01T09:17:48 CST" name="Default suite" finished-at="2023-12-01T09:17:51 CST" duration-ms="2962">
    <groups>
    </groups>
    <test started-at="2023-12-01T09:17:48 CST" name="Default test" finished-at="2023-12-01T09:17:51 CST" duration-ms="2962">
      <class name="com.nov30.test.github.AllgithubTests">
        <test-method signature="getAllRecords()[pri:0, instance:com.nov30.test.github.AllgithubTests@54bff557]" started-at="2023-12-01T09:17:48 CST" name="getAllRecords" finished-at="2023-12-01T09:17:51 CST" duration-ms="2888" status="PASS">
          <reporter-output>
          </reporter-output>
        </test-method> <!-- getAllRecords -->
      </class> <!-- com.nov30.test.github.AllgithubTests -->
    </test> <!-- Default test -->
  </suite> <!-- Default suite -->
</testng-results>
