<?xml version="1.0" encoding="UTF-8"?>
<testng-results ignored="7" total="8" passed="1" failed="0" skipped="0">
  <reporter-output>
  </reporter-output>
  <suite started-at="2023-12-01T14:44:05 CST" name="Default suite" finished-at="2023-12-01T14:44:10 CST" duration-ms="4437">
    <groups>
    </groups>
    <test started-at="2023-12-01T14:44:05 CST" name="Default test" finished-at="2023-12-01T14:44:10 CST" duration-ms="4437">
      <class name="com.nov30.test.github.AllgithubTests">
        <test-method signature="UpdateTheRepositoryName()[pri:0, instance:com.nov30.test.github.AllgithubTests@54bff557]" started-at="2023-12-01T14:44:05 CST" name="UpdateTheRepositoryName" finished-at="2023-12-01T14:44:10 CST" duration-ms="4343" status="PASS">
          <reporter-output>
          </reporter-output>
        </test-method> <!-- UpdateTheRepositoryName -->
      </class> <!-- com.nov30.test.github.AllgithubTests -->
    </test> <!-- Default test -->
  </suite> <!-- Default suite -->
</testng-results>
